# JRE version: OpenJDK Runtime Environment (8.0_202-b03) (build 1.8.0_202-release-1483-b03)
# Java VM: OpenJDK 64-Bit Server VM (25.202-b03 mixed mode windows-amd64 compressed oops)
Heap:
 PSYoungGen      total 384000K, used 22490K [0x00000000e0000000, 0x00000000fd280000, 0x0000000100000000)
  eden space 355328K, 5% used [0x00000000e0000000,0x00000000e140fd10,0x00000000f5b00000)
  from space 28672K, 6% used [0x00000000f5b00000,0x00000000f5ce6b00,0x00000000f7700000)
  to   space 39936K, 0% used [0x00000000fab80000,0x00000000fab80000,0x00000000fd280000)
 ParOldGen       total 155648K, used 85428K [0x00000000a0000000, 0x00000000a9800000, 0x00000000e0000000)
  object space 155648K, 54% used [0x00000000a0000000,0x00000000a536d348,0x00000000a9800000)
 Metaspace       used 80081K, capacity 83400K, committed 83840K, reserved 1122304K
  class space    used 10390K, capacity 11081K, committed 11136K, reserved 1048576K
GC Heap History (10 events):
Event: 31.993 GC heap before
{Heap before GC invocations=19 (full 3):
 PSYoungGen      total 293376K, used 281690K [0x00000000e0000000, 0x00000000f6e80000, 0x0000000100000000)
  eden space 270848K, 100% used [0x00000000e0000000,0x00000000f0880000,0x00000000f0880000)
  from space 22528K, 48% used [0x00000000f0880000,0x00000000f1316a50,0x00000000f1e80000)
  to   space 22016K, 0% used [0x00000000f5900000,0x00000000f5900000,0x00000000f6e80000)
 ParOldGen       total 85504K, used 57723K [0x00000000a0000000, 0x00000000a5380000, 0x00000000e0000000)
  object space 85504K, 67% used [0x00000000a0000000,0x00000000a385ecb8,0x00000000a5380000)
 Metaspace       used 67318K, capacity 69750K, committed 70016K, reserved 1110016K
  class space    used 8949K, capacity 9507K, committed 9600K, reserved 1048576K
Event: 32.017 GC heap after
Heap after GC invocations=19 (full 3):
 PSYoungGen      total 335872K, used 9226K [0x00000000e0000000, 0x00000000f6500000, 0x0000000100000000)
  eden space 323584K, 0% used [0x00000000e0000000,0x00000000e0000000,0x00000000f3c00000)
  from space 12288K, 75% used [0x00000000f5900000,0x00000000f6202930,0x00000000f6500000)
  to   space 20992K, 0% used [0x00000000f3c00000,0x00000000f3c00000,0x00000000f5080000)
 ParOldGen       total 85504K, used 57731K [0x00000000a0000000, 0x00000000a5380000, 0x00000000e0000000)
  object space 85504K, 67% used [0x00000000a0000000,0x00000000a3860cb8,0x00000000a5380000)
 Metaspace       used 67318K, capacity 69750K, committed 70016K, reserved 1110016K
  class space    used 8949K, capacity 9507K, committed 9600K, reserved 1048576K
}
Event: 39.351 GC heap before
{Heap before GC invocations=20 (full 3):
 PSYoungGen      total 335872K, used 332810K [0x00000000e0000000, 0x00000000f6500000, 0x0000000100000000)
  eden space 323584K, 100% used [0x00000000e0000000,0x00000000f3c00000,0x00000000f3c00000)
  from space 12288K, 75% used [0x00000000f5900000,0x00000000f6202930,0x00000000f6500000)
  to   space 20992K, 0% used [0x00000000f3c00000,0x00000000f3c00000,0x00000000f5080000)
 ParOldGen       total 85504K, used 57731K [0x00000000a0000000, 0x00000000a5380000, 0x00000000e0000000)
  object space 85504K, 67% used [0x00000000a0000000,0x00000000a3860cb8,0x00000000a5380000)
 Metaspace       used 71848K, capacity 74396K, committed 74752K, reserved 1114112K
  class space    used 9583K, capacity 10146K, committed 10240K, reserved 1048576K
Event: 39.414 GC heap after
Heap after GC invocations=20 (full 3):
 PSYoungGen      total 344576K, used 18005K [0x00000000e0000000, 0x00000000f8d00000, 0x0000000100000000)
  eden space 323584K, 0% used [0x00000000e0000000,0x00000000e0000000,0x00000000f3c00000)
  from space 20992K, 85% used [0x00000000f3c00000,0x00000000f4d95660,0x00000000f5080000)
  to   space 22528K, 0% used [0x00000000f7700000,0x00000000f7700000,0x00000000f8d00000)
 ParOldGen       total 85504K, used 57739K [0x00000000a0000000, 0x00000000a5380000, 0x00000000e0000000)
  object space 85504K, 67% used [0x00000000a0000000,0x00000000a3862cb8,0x00000000a5380000)
 Metaspace       used 71848K, capacity 74396K, committed 74752K, reserved 1114112K
  class space    used 9583K, capacity 10146K, committed 10240K, reserved 1048576K
}
Event: 53.939 GC heap before
{Heap before GC invocations=21 (full 3):
 PSYoungGen      total 344576K, used 341589K [0x00000000e0000000, 0x00000000f8d00000, 0x0000000100000000)
  eden space 323584K, 100% used [0x00000000e0000000,0x00000000f3c00000,0x00000000f3c00000)
  from space 20992K, 85% used [0x00000000f3c00000,0x00000000f4d95660,0x00000000f5080000)
  to   space 22528K, 0% used [0x00000000f7700000,0x00000000f7700000,0x00000000f8d00000)
 ParOldGen       total 85504K, used 57739K [0x00000000a0000000, 0x00000000a5380000, 0x00000000e0000000)
  object space 85504K, 67% used [0x00000000a0000000,0x00000000a3862cb8,0x00000000a5380000)
 Metaspace       used 73786K, capacity 76630K, committed 76800K, reserved 1116160K
  class space    used 9792K, capacity 10395K, committed 10496K, reserved 1048576K
Event: 54.034 GC heap after
Heap after GC invocations=21 (full 3):
 PSYoungGen      total 377856K, used 22500K [0x00000000e0000000, 0x00000000f9500000, 0x0000000100000000)
  eden space 355328K, 0% used [0x00000000e0000000,0x00000000e0000000,0x00000000f5b00000)
  from space 22528K, 99% used [0x00000000f7700000,0x00000000f8cf9180,0x00000000f8d00000)
  to   space 28672K, 0% used [0x00000000f5b00000,0x00000000f5b00000,0x00000000f7700000)
 ParOldGen       total 85504K, used 65400K [0x00000000a0000000, 0x00000000a5380000, 0x00000000e0000000)
  object space 85504K, 76% used [0x00000000a0000000,0x00000000a3fde078,0x00000000a5380000)
 Metaspace       used 73786K, capacity 76630K, committed 76800K, reserved 1116160K
  class space    used 9792K, capacity 10395K, committed 10496K, reserved 1048576K
}
Event: 90.472 GC heap before
{Heap before GC invocations=22 (full 3):
 PSYoungGen      total 377856K, used 377828K [0x00000000e0000000, 0x00000000f9500000, 0x0000000100000000)
  eden space 355328K, 100% used [0x00000000e0000000,0x00000000f5b00000,0x00000000f5b00000)
  from space 22528K, 99% used [0x00000000f7700000,0x00000000f8cf9180,0x00000000f8d00000)
  to   space 28672K, 0% used [0x00000000f5b00000,0x00000000f5b00000,0x00000000f7700000)
 ParOldGen       total 85504K, used 65400K [0x00000000a0000000, 0x00000000a5380000, 0x00000000e0000000)
  object space 85504K, 76% used [0x00000000a0000000,0x00000000a3fde078,0x00000000a5380000)
 Metaspace       used 80150K, capacity 83652K, committed 83840K, reserved 1122304K
  class space    used 10417K, capacity 11131K, committed 11136K, reserved 1048576K
Event: 91.426 GC heap after
Heap after GC invocations=22 (full 3):
 PSYoungGen      total 384000K, used 28651K [0x00000000e0000000, 0x00000000fd280000, 0x0000000100000000)
  eden space 355328K, 0% used [0x00000000e0000000,0x00000000e0000000,0x00000000f5b00000)
  from space 28672K, 99% used [0x00000000f5b00000,0x00000000f76faff8,0x00000000f7700000)
  to   space 39936K, 0% used [0x00000000fab80000,0x00000000fab80000,0x00000000fd280000)
 ParOldGen       total 85504K, used 84333K [0x00000000a0000000, 0x00000000a5380000, 0x00000000e0000000)
  object space 85504K, 98% used [0x00000000a0000000,0x00000000a525b5b0,0x00000000a5380000)
 Metaspace       used 80150K, capacity 83652K, committed 83840K, reserved 1122304K
  class space    used 10417K, capacity 11131K, committed 11136K, reserved 1048576K
}
Event: 91.426 GC heap before
{Heap before GC invocations=23 (full 4):
 PSYoungGen      total 384000K, used 28651K [0x00000000e0000000, 0x00000000fd280000, 0x0000000100000000)
  eden space 355328K, 0% used [0x00000000e0000000,0x00000000e0000000,0x00000000f5b00000)
  from space 28672K, 99% used [0x00000000f5b00000,0x00000000f76faff8,0x00000000f7700000)
  to   space 39936K, 0% used [0x00000000fab80000,0x00000000fab80000,0x00000000fd280000)
 ParOldGen       total 85504K, used 84333K [0x00000000a0000000, 0x00000000a5380000, 0x00000000e0000000)
  object space 85504K, 98% used [0x00000000a0000000,0x00000000a525b5b0,0x00000000a5380000)
 Metaspace       used 80150K, capacity 83652K, committed 83840K, reserved 1122304K
  class space    used 10417K, capacity 11131K, committed 11136K, reserved 1048576K
Event: 94.803 GC heap after
Heap after GC invocations=23 (full 4):
 PSYoungGen      total 384000K, used 1946K [0x00000000e0000000, 0x00000000fd280000, 0x0000000100000000)
  eden space 355328K, 0% used [0x00000000e0000000,0x00000000e0000000,0x00000000f5b00000)
  from space 28672K, 6% used [0x00000000f5b00000,0x00000000f5ce6b00,0x00000000f7700000)
  to   space 39936K, 0% used [0x00000000fab80000,0x00000000fab80000,0x00000000fd280000)
 ParOldGen       total 155648K, used 85428K [0x00000000a0000000, 0x00000000a9800000, 0x00000000e0000000)
  object space 155648K, 54% used [0x00000000a0000000,0x00000000a536d348,0x00000000a9800000)
 Metaspace       used 80061K, capacity 83394K, committed 83840K, reserved 1122304K
  class space    used 10388K, capacity 11080K, committed 11136K, reserved 1048576K
}

