# JRE version: OpenJDK Runtime Environment (8.0_202-b03) (build 1.8.0_202-release-1483-b03)
# Java VM: OpenJDK 64-Bit Server VM (25.202-b03 mixed mode windows-amd64 compressed oops)
Heap:
 PSYoungGen      total 310784K, used 204112K [0x00000000e0000000, 0x00000000f9100000, 0x0000000100000000)
  eden space 268800K, 75% used [0x00000000e0000000,0x00000000ec7540a8,0x00000000f0680000)
  from space 41984K, 0% used [0x00000000f3d80000,0x00000000f3d80000,0x00000000f6680000)
  to   space 56320K, 0% used [0x00000000f0680000,0x00000000f0680000,0x00000000f3d80000)
 ParOldGen       total 87552K, used 87347K [0x00000000a0000000, 0x00000000a5580000, 0x00000000e0000000)
  object space 87552K, 99% used [0x00000000a0000000,0x00000000a554cd38,0x00000000a5580000)
 Metaspace       used 91372K, capacity 94864K, committed 94936K, reserved 1132544K
  class space    used 11808K, capacity 12486K, committed 12544K, reserved 1048576K
GC Heap History (10 events):
Event: 178.315 GC heap before
{Heap before GC invocations=22 (full 3):
 PSYoungGen      total 274432K, used 271780K [0x00000000e0000000, 0x00000000f3600000, 0x0000000100000000)
  eden space 244224K, 100% used [0x00000000e0000000,0x00000000eee80000,0x00000000eee80000)
  from space 30208K, 91% used [0x00000000f0f80000,0x00000000f2a69088,0x00000000f2d00000)
  to   space 33792K, 0% used [0x00000000eee80000,0x00000000eee80000,0x00000000f0f80000)
 ParOldGen       total 87552K, used 58588K [0x00000000a0000000, 0x00000000a5580000, 0x00000000e0000000)
  object space 87552K, 66% used [0x00000000a0000000,0x00000000a3937240,0x00000000a5580000)
 Metaspace       used 79786K, capacity 82526K, committed 82648K, reserved 1120256K
  class space    used 10402K, capacity 10979K, committed 11008K, reserved 1048576K
Event: 178.746 GC heap after
Heap after GC invocations=22 (full 3):
 PSYoungGen      total 278016K, used 33791K [0x00000000e0000000, 0x00000000f6680000, 0x0000000100000000)
  eden space 244224K, 0% used [0x00000000e0000000,0x00000000e0000000,0x00000000eee80000)
  from space 33792K, 99% used [0x00000000eee80000,0x00000000f0f7fda8,0x00000000f0f80000)
  to   space 41984K, 0% used [0x00000000f3d80000,0x00000000f3d80000,0x00000000f6680000)
 ParOldGen       total 87552K, used 66202K [0x00000000a0000000, 0x00000000a5580000, 0x00000000e0000000)
  object space 87552K, 75% used [0x00000000a0000000,0x00000000a40a6b28,0x00000000a5580000)
 Metaspace       used 79786K, capacity 82526K, committed 82648K, reserved 1120256K
  class space    used 10402K, capacity 10979K, committed 11008K, reserved 1048576K
}
Event: 188.153 GC heap before
{Heap before GC invocations=23 (full 3):
 PSYoungGen      total 278016K, used 278015K [0x00000000e0000000, 0x00000000f6680000, 0x0000000100000000)
  eden space 244224K, 100% used [0x00000000e0000000,0x00000000eee80000,0x00000000eee80000)
  from space 33792K, 99% used [0x00000000eee80000,0x00000000f0f7fda8,0x00000000f0f80000)
  to   space 41984K, 0% used [0x00000000f3d80000,0x00000000f3d80000,0x00000000f6680000)
 ParOldGen       total 87552K, used 66202K [0x00000000a0000000, 0x00000000a5580000, 0x00000000e0000000)
  object space 87552K, 75% used [0x00000000a0000000,0x00000000a40a6b28,0x00000000a5580000)
 Metaspace       used 88024K, capacity 91274K, committed 91480K, reserved 1128448K
  class space    used 11471K, capacity 12121K, committed 12160K, reserved 1048576K
Event: 189.174 GC heap after
Heap after GC invocations=23 (full 3):
 PSYoungGen      total 310784K, used 41980K [0x00000000e0000000, 0x00000000f9100000, 0x0000000100000000)
  eden space 268800K, 0% used [0x00000000e0000000,0x00000000e0000000,0x00000000f0680000)
  from space 41984K, 99% used [0x00000000f3d80000,0x00000000f667f0c8,0x00000000f6680000)
  to   space 56320K, 0% used [0x00000000f0680000,0x00000000f0680000,0x00000000f3d80000)
 ParOldGen       total 87552K, used 86677K [0x00000000a0000000, 0x00000000a5580000, 0x00000000e0000000)
  object space 87552K, 99% used [0x00000000a0000000,0x00000000a54a5610,0x00000000a5580000)
 Metaspace       used 88024K, capacity 91274K, committed 91480K, reserved 1128448K
  class space    used 11471K, capacity 12121K, committed 12160K, reserved 1048576K
}
Event: 189.174 GC heap before
{Heap before GC invocations=24 (full 4):
 PSYoungGen      total 310784K, used 41980K [0x00000000e0000000, 0x00000000f9100000, 0x0000000100000000)
  eden space 268800K, 0% used [0x00000000e0000000,0x00000000e0000000,0x00000000f0680000)
  from space 41984K, 99% used [0x00000000f3d80000,0x00000000f667f0c8,0x00000000f6680000)
  to   space 56320K, 0% used [0x00000000f0680000,0x00000000f0680000,0x00000000f3d80000)
 ParOldGen       total 87552K, used 86677K [0x00000000a0000000, 0x00000000a5580000, 0x00000000e0000000)
  object space 87552K, 99% used [0x00000000a0000000,0x00000000a54a5610,0x00000000a5580000)
 Metaspace       used 88024K, capacity 91274K, committed 91480K, reserved 1128448K
  class space    used 11471K, capacity 12121K, committed 12160K, reserved 1048576K
Event: 191.654 GC heap after
Heap after GC invocations=24 (full 4):
 PSYoungGen      total 310784K, used 1519K [0x00000000e0000000, 0x00000000f9100000, 0x0000000100000000)
  eden space 268800K, 0% used [0x00000000e0000000,0x00000000e0000000,0x00000000f0680000)
  from space 41984K, 3% used [0x00000000f3d80000,0x00000000f3efbd68,0x00000000f6680000)
  to   space 56320K, 0% used [0x00000000f0680000,0x00000000f0680000,0x00000000f3d80000)
 ParOldGen       total 87552K, used 87394K [0x00000000a0000000, 0x00000000a5580000, 0x00000000e0000000)
  object space 87552K, 99% used [0x00000000a0000000,0x00000000a5558b48,0x00000000a5580000)
 Metaspace       used 87944K, capacity 91040K, committed 91480K, reserved 1128448K
  class space    used 11445K, capacity 12076K, committed 12160K, reserved 1048576K
}
Event: 199.236 GC heap before
{Heap before GC invocations=25 (full 5):
 PSYoungGen      total 310784K, used 270319K [0x00000000e0000000, 0x00000000f9100000, 0x0000000100000000)
  eden space 268800K, 100% used [0x00000000e0000000,0x00000000f0680000,0x00000000f0680000)
  from space 41984K, 3% used [0x00000000f3d80000,0x00000000f3efbd68,0x00000000f6680000)
  to   space 56320K, 0% used [0x00000000f0680000,0x00000000f0680000,0x00000000f3d80000)
 ParOldGen       total 87552K, used 87394K [0x00000000a0000000, 0x00000000a5580000, 0x00000000e0000000)
  object space 87552K, 99% used [0x00000000a0000000,0x00000000a5558b48,0x00000000a5580000)
 Metaspace       used 90840K, capacity 94244K, committed 94296K, reserved 1130496K
  class space    used 11758K, capacity 12402K, committed 12416K, reserved 1048576K
Event: 200.742 GC heap after
Heap after GC invocations=25 (full 5):
 PSYoungGen      total 310784K, used 0K [0x00000000e0000000, 0x00000000f9100000, 0x0000000100000000)
  eden space 268800K, 0% used [0x00000000e0000000,0x00000000e0000000,0x00000000f0680000)
  from space 41984K, 0% used [0x00000000f3d80000,0x00000000f3d80000,0x00000000f6680000)
  to   space 56320K, 0% used [0x00000000f0680000,0x00000000f0680000,0x00000000f3d80000)
 ParOldGen       total 87552K, used 87162K [0x00000000a0000000, 0x00000000a5580000, 0x00000000e0000000)
  object space 87552K, 99% used [0x00000000a0000000,0x00000000a551ea10,0x00000000a5580000)
 Metaspace       used 90840K, capacity 94244K, committed 94296K, reserved 1130496K
  class space    used 11758K, capacity 12402K, committed 12416K, reserved 1048576K
}
Event: 205.010 GC heap before
{Heap before GC invocations=26 (full 6):
 PSYoungGen      total 310784K, used 268800K [0x00000000e0000000, 0x00000000f9100000, 0x0000000100000000)
  eden space 268800K, 100% used [0x00000000e0000000,0x00000000f0680000,0x00000000f0680000)
  from space 41984K, 0% used [0x00000000f3d80000,0x00000000f3d80000,0x00000000f6680000)
  to   space 56320K, 0% used [0x00000000f0680000,0x00000000f0680000,0x00000000f3d80000)
 ParOldGen       total 87552K, used 87162K [0x00000000a0000000, 0x00000000a5580000, 0x00000000e0000000)
  object space 87552K, 99% used [0x00000000a0000000,0x00000000a551ea10,0x00000000a5580000)
 Metaspace       used 91148K, capacity 94624K, committed 94936K, reserved 1132544K
  class space    used 11799K, capacity 12478K, committed 12544K, reserved 1048576K
Event: 205.666 GC heap after
Heap after GC invocations=26 (full 6):
 PSYoungGen      total 310784K, used 0K [0x00000000e0000000, 0x00000000f9100000, 0x0000000100000000)
  eden space 268800K, 0% used [0x00000000e0000000,0x00000000e0000000,0x00000000f0680000)
  from space 41984K, 0% used [0x00000000f3d80000,0x00000000f3d80000,0x00000000f6680000)
  to   space 56320K, 0% used [0x00000000f0680000,0x00000000f0680000,0x00000000f3d80000)
 ParOldGen       total 87552K, used 87347K [0x00000000a0000000, 0x00000000a5580000, 0x00000000e0000000)
  object space 87552K, 99% used [0x00000000a0000000,0x00000000a554cd38,0x00000000a5580000)
 Metaspace       used 91148K, capacity 94624K, committed 94936K, reserved 1132544K
  class space    used 11799K, capacity 12478K, committed 12544K, reserved 1048576K
}

