# JRE version: OpenJDK Runtime Environment (8.0_202-b03) (build 1.8.0_202-release-1483-b03)
# Java VM: OpenJDK 64-Bit Server VM (25.202-b03 mixed mode windows-amd64 compressed oops)
Heap:
 PSYoungGen      total 289280K, used 46170K [0x00000000e0000000, 0x00000000f8c80000, 0x0000000100000000)
  eden space 257024K, 13% used [0x00000000e0000000,0x00000000e22a0be8,0x00000000efb00000)
  from space 32256K, 33% used [0x00000000efb00000,0x00000000f0575db0,0x00000000f1a80000)
  to   space 44032K, 0% used [0x00000000f6180000,0x00000000f6180000,0x00000000f8c80000)
 ParOldGen       total 89600K, used 89447K [0x00000000a0000000, 0x00000000a5780000, 0x00000000e0000000)
  object space 89600K, 99% used [0x00000000a0000000,0x00000000a5759f58,0x00000000a5780000)
 Metaspace       used 91124K, capacity 94206K, committed 94552K, reserved 1130496K
  class space    used 11844K, capacity 12511K, committed 12632K, reserved 1048576K
GC Heap History (10 events):
Event: 4944.930 GC heap before
{Heap before GC invocations=16 (full 3):
 PSYoungGen      total 237056K, used 215840K [0x00000000e0000000, 0x00000000f5000000, 0x0000000100000000)
  eden space 212992K, 90% used [0x00000000e0000000,0x00000000ebb4a890,0x00000000ed000000)
  from space 24064K, 99% used [0x00000000ef300000,0x00000000f0a7d870,0x00000000f0a80000)
  to   space 35840K, 0% used [0x00000000ed000000,0x00000000ed000000,0x00000000ef300000)
 ParOldGen       total 89600K, used 56284K [0x00000000a0000000, 0x00000000a5780000, 0x00000000e0000000)
  object space 89600K, 62% used [0x00000000a0000000,0x00000000a36f7340,0x00000000a5780000)
 Metaspace       used 76500K, capacity 79016K, committed 79192K, reserved 1118208K
  class space    used 10034K, capacity 10546K, committed 10584K, reserved 1048576K
Event: 4945.012 GC heap after
Heap after GC invocations=16 (full 3):
 PSYoungGen      total 248832K, used 12994K [0x00000000e0000000, 0x00000000f4c00000, 0x0000000100000000)
  eden space 212992K, 0% used [0x00000000e0000000,0x00000000e0000000,0x00000000ed000000)
  from space 35840K, 36% used [0x00000000ed000000,0x00000000edcb0828,0x00000000ef300000)
  to   space 33792K, 0% used [0x00000000f2b00000,0x00000000f2b00000,0x00000000f4c00000)
 ParOldGen       total 89600K, used 75931K [0x00000000a0000000, 0x00000000a5780000, 0x00000000e0000000)
  object space 89600K, 84% used [0x00000000a0000000,0x00000000a4a26cf0,0x00000000a5780000)
 Metaspace       used 76500K, capacity 79016K, committed 79192K, reserved 1118208K
  class space    used 10034K, capacity 10546K, committed 10584K, reserved 1048576K
}
Event: 4945.012 GC heap before
{Heap before GC invocations=17 (full 4):
 PSYoungGen      total 248832K, used 12994K [0x00000000e0000000, 0x00000000f4c00000, 0x0000000100000000)
  eden space 212992K, 0% used [0x00000000e0000000,0x00000000e0000000,0x00000000ed000000)
  from space 35840K, 36% used [0x00000000ed000000,0x00000000edcb0828,0x00000000ef300000)
  to   space 33792K, 0% used [0x00000000f2b00000,0x00000000f2b00000,0x00000000f4c00000)
 ParOldGen       total 89600K, used 75931K [0x00000000a0000000, 0x00000000a5780000, 0x00000000e0000000)
  object space 89600K, 84% used [0x00000000a0000000,0x00000000a4a26cf0,0x00000000a5780000)
 Metaspace       used 76500K, capacity 79016K, committed 79192K, reserved 1118208K
  class space    used 10034K, capacity 10546K, committed 10584K, reserved 1048576K
Event: 4945.920 GC heap after
Heap after GC invocations=17 (full 4):
 PSYoungGen      total 248832K, used 0K [0x00000000e0000000, 0x00000000f4c00000, 0x0000000100000000)
  eden space 212992K, 0% used [0x00000000e0000000,0x00000000e0000000,0x00000000ed000000)
  from space 35840K, 0% used [0x00000000ed000000,0x00000000ed000000,0x00000000ef300000)
  to   space 33792K, 0% used [0x00000000f2b00000,0x00000000f2b00000,0x00000000f4c00000)
 ParOldGen       total 89600K, used 56001K [0x00000000a0000000, 0x00000000a5780000, 0x00000000e0000000)
  object space 89600K, 62% used [0x00000000a0000000,0x00000000a36b0788,0x00000000a5780000)
 Metaspace       used 76194K, capacity 78390K, committed 79192K, reserved 1118208K
  class space    used 9965K, capacity 10419K, committed 10584K, reserved 1048576K
}
Event: 4998.304 GC heap before
{Heap before GC invocations=18 (full 4):
 PSYoungGen      total 248832K, used 212992K [0x00000000e0000000, 0x00000000f4c00000, 0x0000000100000000)
  eden space 212992K, 100% used [0x00000000e0000000,0x00000000ed000000,0x00000000ed000000)
  from space 35840K, 0% used [0x00000000ed000000,0x00000000ed000000,0x00000000ef300000)
  to   space 33792K, 0% used [0x00000000f2b00000,0x00000000f2b00000,0x00000000f4c00000)
 ParOldGen       total 89600K, used 56001K [0x00000000a0000000, 0x00000000a5780000, 0x00000000e0000000)
  object space 89600K, 62% used [0x00000000a0000000,0x00000000a36b0788,0x00000000a5780000)
 Metaspace       used 82524K, capacity 84750K, committed 85336K, reserved 1124352K
  class space    used 10674K, capacity 11163K, committed 11352K, reserved 1048576K
Event: 4998.488 GC heap after
Heap after GC invocations=18 (full 4):
 PSYoungGen      total 271360K, used 14907K [0x00000000e0000000, 0x00000000f3a00000, 0x0000000100000000)
  eden space 256000K, 0% used [0x00000000e0000000,0x00000000e0000000,0x00000000efa00000)
  from space 15360K, 97% used [0x00000000f2b00000,0x00000000f398ec20,0x00000000f3a00000)
  to   space 32256K, 0% used [0x00000000efb00000,0x00000000efb00000,0x00000000f1a80000)
 ParOldGen       total 89600K, used 56017K [0x00000000a0000000, 0x00000000a5780000, 0x00000000e0000000)
  object space 89600K, 62% used [0x00000000a0000000,0x00000000a36b4788,0x00000000a5780000)
 Metaspace       used 82524K, capacity 84750K, committed 85336K, reserved 1124352K
  class space    used 10674K, capacity 11163K, committed 11352K, reserved 1048576K
}
Event: 5006.506 GC heap before
{Heap before GC invocations=19 (full 4):
 PSYoungGen      total 271360K, used 270907K [0x00000000e0000000, 0x00000000f3a00000, 0x0000000100000000)
  eden space 256000K, 100% used [0x00000000e0000000,0x00000000efa00000,0x00000000efa00000)
  from space 15360K, 97% used [0x00000000f2b00000,0x00000000f398ec20,0x00000000f3a00000)
  to   space 32256K, 0% used [0x00000000efb00000,0x00000000efb00000,0x00000000f1a80000)
 ParOldGen       total 89600K, used 56017K [0x00000000a0000000, 0x00000000a5780000, 0x00000000e0000000)
  object space 89600K, 62% used [0x00000000a0000000,0x00000000a36b4788,0x00000000a5780000)
 Metaspace       used 90711K, capacity 93884K, committed 94168K, reserved 1130496K
  class space    used 11787K, capacity 12442K, committed 12504K, reserved 1048576K
Event: 5006.715 GC heap after
Heap after GC invocations=19 (full 4):
 PSYoungGen      total 289280K, used 32228K [0x00000000e0000000, 0x00000000f8c80000, 0x0000000100000000)
  eden space 257024K, 0% used [0x00000000e0000000,0x00000000e0000000,0x00000000efb00000)
  from space 32256K, 99% used [0x00000000efb00000,0x00000000f1a79258,0x00000000f1a80000)
  to   space 44032K, 0% used [0x00000000f6180000,0x00000000f6180000,0x00000000f8c80000)
 ParOldGen       total 89600K, used 75240K [0x00000000a0000000, 0x00000000a5780000, 0x00000000e0000000)
  object space 89600K, 83% used [0x00000000a0000000,0x00000000a497a318,0x00000000a5780000)
 Metaspace       used 90711K, capacity 93884K, committed 94168K, reserved 1130496K
  class space    used 11787K, capacity 12442K, committed 12504K, reserved 1048576K
}
Event: 5006.715 GC heap before
{Heap before GC invocations=20 (full 5):
 PSYoungGen      total 289280K, used 32228K [0x00000000e0000000, 0x00000000f8c80000, 0x0000000100000000)
  eden space 257024K, 0% used [0x00000000e0000000,0x00000000e0000000,0x00000000efb00000)
  from space 32256K, 99% used [0x00000000efb00000,0x00000000f1a79258,0x00000000f1a80000)
  to   space 44032K, 0% used [0x00000000f6180000,0x00000000f6180000,0x00000000f8c80000)
 ParOldGen       total 89600K, used 75240K [0x00000000a0000000, 0x00000000a5780000, 0x00000000e0000000)
  object space 89600K, 83% used [0x00000000a0000000,0x00000000a497a318,0x00000000a5780000)
 Metaspace       used 90711K, capacity 93884K, committed 94168K, reserved 1130496K
  class space    used 11787K, capacity 12442K, committed 12504K, reserved 1048576K
Event: 5008.416 GC heap after
Heap after GC invocations=20 (full 5):
 PSYoungGen      total 289280K, used 10711K [0x00000000e0000000, 0x00000000f8c80000, 0x0000000100000000)
  eden space 257024K, 0% used [0x00000000e0000000,0x00000000e0000000,0x00000000efb00000)
  from space 32256K, 33% used [0x00000000efb00000,0x00000000f0575db0,0x00000000f1a80000)
  to   space 44032K, 0% used [0x00000000f6180000,0x00000000f6180000,0x00000000f8c80000)
 ParOldGen       total 89600K, used 89447K [0x00000000a0000000, 0x00000000a5780000, 0x00000000e0000000)
  object space 89600K, 99% used [0x00000000a0000000,0x00000000a5759f58,0x00000000a5780000)
 Metaspace       used 90549K, capacity 93450K, committed 94168K, reserved 1130496K
  class space    used 11731K, capacity 12343K, committed 12504K, reserved 1048576K
}

